<?xml version="1.0" encoding="UTF-8"?>
<!-- Generated by org.testng.reporters.JUnitXMLReporter -->
<testsuite hostname="MSI" ignored="8" name="Test" tests="2" failures="0" timestamp="01 Aug 2020 14:08:21 GMT" time="0.099" errors="0">
  <testcase name="Ford" time="0.015" classname="com.test.first.NewTest"/>
  <testcase name="Ferrari" time="0.01" classname="com.test.first.NewTest"/>
  <testcase name="ParameterTest" time="0.0" classname="com.test.first.NewTest">
    <ignored/>
  </testcase> <!-- ParameterTest -->
  <testcase name="myTestOne" time="0.0" classname="com.test.first.NewTest">
    <ignored/>
  </testcase> <!-- myTestOne -->
  <testcase name="f1" time="0.0" classname="com.test.first.NewTest">
    <ignored/>
  </testcase> <!-- f1 -->
  <testcase name="dependTest" time="0.0" classname="com.test.first.NewTest">
    <ignored/>
  </testcase> <!-- dependTest -->
  <testcase name="f2" time="0.0" classname="com.test.first.NewTest">
    <ignored/>
  </testcase> <!-- f2 -->
  <testcase name="loginTest" time="0.0" classname="com.test.first.NewTest">
    <ignored/>
  </testcase> <!-- loginTest -->
  <testcase name="f" time="0.0" classname="com.test.first.NewTest">
    <ignored/>
  </testcase> <!-- f -->
  <testcase name="TimeoutTest" time="0.0" classname="com.test.first.NewTest">
    <ignored/>
  </testcase> <!-- TimeoutTest -->
</testsuite> <!-- Test -->
