<?xml version="1.0" encoding="UTF-8"?>
<testng-results skipped="0" failed="0" ignored="0" total="1" passed="1">
  <reporter-output>
  </reporter-output>
  <suite name="Default suite" duration-ms="72" started-at="2019-12-10T13:24:09Z" finished-at="2019-12-10T13:24:09Z">
    <groups>
    </groups>
    <test name="Default test" duration-ms="72" started-at="2019-12-10T13:24:09Z" finished-at="2019-12-10T13:24:09Z">
      <class name="com.test.first.NewTest">
        <test-method status="PASS" signature="beforeSuite()[pri:0, instance:com.test.first.NewTest@cb5822]" name="beforeSuite" is-config="true" duration-ms="29" started-at="2019-12-10T13:24:09Z" finished-at="2019-12-10T13:24:09Z">
          <reporter-output>
          </reporter-output>
        </test-method> <!-- beforeSuite -->
        <test-method status="PASS" signature="beforeTest()[pri:0, instance:com.test.first.NewTest@cb5822]" name="beforeTest" is-config="true" duration-ms="1" started-at="2019-12-10T13:24:09Z" finished-at="2019-12-10T13:24:09Z">
          <reporter-output>
          </reporter-output>
        </test-method> <!-- beforeTest -->
        <test-method status="PASS" signature="beforeClass()[pri:0, instance:com.test.first.NewTest@cb5822]" name="beforeClass" is-config="true" duration-ms="0" started-at="2019-12-10T13:24:09Z" finished-at="2019-12-10T13:24:09Z">
          <reporter-output>
          </reporter-output>
        </test-method> <!-- beforeClass -->
        <test-method status="PASS" signature="beforeMethod()[pri:0, instance:com.test.first.NewTest@cb5822]" name="beforeMethod" is-config="true" duration-ms="1" started-at="2019-12-10T13:24:09Z" finished-at="2019-12-10T13:24:09Z">
          <reporter-output>
          </reporter-output>
        </test-method> <!-- beforeMethod -->
        <test-method status="PASS" signature="f()[pri:0, instance:com.test.first.NewTest@cb5822]" name="f" duration-ms="13" started-at="2019-12-10T13:24:09Z" finished-at="2019-12-10T13:24:09Z">
          <reporter-output>
          </reporter-output>
        </test-method> <!-- f -->
        <test-method status="PASS" signature="afterMethod()[pri:0, instance:com.test.first.NewTest@cb5822]" name="afterMethod" is-config="true" duration-ms="1" started-at="2019-12-10T13:24:09Z" finished-at="2019-12-10T13:24:09Z">
          <reporter-output>
          </reporter-output>
        </test-method> <!-- afterMethod -->
        <test-method status="PASS" signature="afterClass()[pri:0, instance:com.test.first.NewTest@cb5822]" name="afterClass" is-config="true" duration-ms="2" started-at="2019-12-10T13:24:09Z" finished-at="2019-12-10T13:24:09Z">
          <reporter-output>
          </reporter-output>
        </test-method> <!-- afterClass -->
        <test-method status="PASS" signature="afterTest()[pri:0, instance:com.test.first.NewTest@cb5822]" name="afterTest" is-config="true" duration-ms="1" started-at="2019-12-10T13:24:09Z" finished-at="2019-12-10T13:24:09Z">
          <reporter-output>
          </reporter-output>
        </test-method> <!-- afterTest -->
        <test-method status="PASS" signature="afterSuite()[pri:0, instance:com.test.first.NewTest@cb5822]" name="afterSuite" is-config="true" duration-ms="1" started-at="2019-12-10T13:24:09Z" finished-at="2019-12-10T13:24:09Z">
          <reporter-output>
          </reporter-output>
        </test-method> <!-- afterSuite -->
      </class> <!-- com.test.first.NewTest -->
    </test> <!-- Default test -->
  </suite> <!-- Default suite -->
</testng-results>
