<?xml version="1.0" encoding="UTF-8"?>
<testng-results skipped="0" failed="0" ignored="8" total="10" passed="2">
  <reporter-output>
  </reporter-output>
  <suite name="Suite" duration-ms="99" started-at="2020-08-01T14:08:21Z" finished-at="2020-08-01T14:08:21Z">
    <groups>
    </groups>
    <test name="Test" duration-ms="99" started-at="2020-08-01T14:08:21Z" finished-at="2020-08-01T14:08:21Z">
      <class name="com.test.first.NewTest">
        <test-method status="PASS" signature="beforeSuite()[pri:0, instance:com.test.first.NewTest@19d37183]" name="beforeSuite" is-config="true" duration-ms="33" started-at="2020-08-01T14:08:21Z" finished-at="2020-08-01T14:08:21Z">
          <reporter-output>
          </reporter-output>
        </test-method> <!-- beforeSuite -->
        <test-method status="PASS" signature="beforeTest()[pri:0, instance:com.test.first.NewTest@19d37183]" name="beforeTest" is-config="true" duration-ms="1" started-at="2020-08-01T14:08:21Z" finished-at="2020-08-01T14:08:21Z">
          <reporter-output>
          </reporter-output>
        </test-method> <!-- beforeTest -->
        <test-method status="PASS" signature="beforeClass()[pri:0, instance:com.test.first.NewTest@19d37183]" name="beforeClass" is-config="true" duration-ms="1" started-at="2020-08-01T14:08:21Z" finished-at="2020-08-01T14:08:21Z">
          <reporter-output>
          </reporter-output>
        </test-method> <!-- beforeClass -->
        <test-method status="PASS" signature="Ford()[pri:1, instance:com.test.first.NewTest@19d37183]" name="Ford" duration-ms="15" started-at="2020-08-01T14:08:21Z" finished-at="2020-08-01T14:08:21Z">
          <reporter-output>
          </reporter-output>
        </test-method> <!-- Ford -->
        <test-method status="PASS" signature="beforeMethod()[pri:0, instance:com.test.first.NewTest@19d37183]" name="beforeMethod" is-config="true" duration-ms="0" started-at="2020-08-01T14:08:21Z" finished-at="2020-08-01T14:08:21Z">
          <reporter-output>
          </reporter-output>
        </test-method> <!-- beforeMethod -->
        <test-method status="PASS" signature="afterMethod()[pri:0, instance:com.test.first.NewTest@19d37183]" name="afterMethod" is-config="true" duration-ms="1" started-at="2020-08-01T14:08:21Z" finished-at="2020-08-01T14:08:21Z">
          <reporter-output>
          </reporter-output>
        </test-method> <!-- afterMethod -->
        <test-method status="PASS" signature="beforeMethod()[pri:0, instance:com.test.first.NewTest@19d37183]" name="beforeMethod" is-config="true" duration-ms="0" started-at="2020-08-01T14:08:21Z" finished-at="2020-08-01T14:08:21Z">
          <reporter-output>
          </reporter-output>
        </test-method> <!-- beforeMethod -->
        <test-method status="PASS" signature="Ferrari()[pri:2, instance:com.test.first.NewTest@19d37183]" name="Ferrari" duration-ms="10" started-at="2020-08-01T14:08:21Z" finished-at="2020-08-01T14:08:21Z">
          <reporter-output>
          </reporter-output>
        </test-method> <!-- Ferrari -->
        <test-method status="PASS" signature="afterMethod()[pri:0, instance:com.test.first.NewTest@19d37183]" name="afterMethod" is-config="true" duration-ms="1" started-at="2020-08-01T14:08:21Z" finished-at="2020-08-01T14:08:21Z">
          <reporter-output>
          </reporter-output>
        </test-method> <!-- afterMethod -->
        <test-method status="PASS" signature="afterClass()[pri:0, instance:com.test.first.NewTest@19d37183]" name="afterClass" is-config="true" duration-ms="2" started-at="2020-08-01T14:08:21Z" finished-at="2020-08-01T14:08:21Z">
          <reporter-output>
          </reporter-output>
        </test-method> <!-- afterClass -->
        <test-method status="PASS" signature="afterTest()[pri:0, instance:com.test.first.NewTest@19d37183]" name="afterTest" is-config="true" duration-ms="0" started-at="2020-08-01T14:08:21Z" finished-at="2020-08-01T14:08:21Z">
          <reporter-output>
          </reporter-output>
        </test-method> <!-- afterTest -->
        <test-method status="PASS" signature="afterSuite()[pri:0, instance:com.test.first.NewTest@19d37183]" name="afterSuite" is-config="true" duration-ms="2" started-at="2020-08-01T14:08:21Z" finished-at="2020-08-01T14:08:21Z">
          <reporter-output>
          </reporter-output>
        </test-method> <!-- afterSuite -->
      </class> <!-- com.test.first.NewTest -->
    </test> <!-- Test -->
  </suite> <!-- Suite -->
</testng-results>
