<?xml version="1.0" encoding="UTF-8"?>
<!-- Generated by org.testng.reporters.JUnitXMLReporter -->
<testsuite hostname="MSI" ignored="0" name="Default test" tests="12" failures="0" timestamp="08 Mar 2020 15:17:38 GMT" time="0.627" errors="0">
  <testcase name="AuthTC" time="0.021" classname="com.test.first.DataProviderTest"/>
  <testcase name="AuthTC" time="0.003" classname="com.test.first.DataProviderTest"/>
  <testcase name="AuthTC" time="0.003" classname="com.test.first.DataProviderTest"/>
  <testcase name="AuthTC" time="0.002" classname="com.test.first.DataProviderTest"/>
  <testcase name="AuthTC" time="0.003" classname="com.test.first.DataProviderTest"/>
  <testcase name="AuthTC" time="0.002" classname="com.test.first.DataProviderTest"/>
  <testcase name="AuthTC" time="0.002" classname="com.test.first.DataProviderTest"/>
  <testcase name="AuthTC" time="0.002" classname="com.test.first.DataProviderTest"/>
  <testcase name="AuthTC" time="0.002" classname="com.test.first.DataProviderTest"/>
  <testcase name="AuthTC" time="0.002" classname="com.test.first.DataProviderTest"/>
  <testcase name="loginTC" time="0.002" classname="com.test.first.DataProviderTest"/>
  <testcase name="loginTC" time="0.002" classname="com.test.first.DataProviderTest"/>
</testsuite> <!-- Default test -->
